<?xml version="1.0" encoding="UTF-8"?>
<!-- Generated by org.testng.reporters.JUnitXMLReporter -->
<testsuite ignored="0" hostname="DESKTOP-LT35DQU" failures="0" tests="3" name="Test" time="28.809" errors="0" timestamp="2025-08-14T09:16:25 GMT-07:00">
  <testcase classname="testclasses.TC003_Dataprovider" name="loginTest" time="8.756"/>
  <testcase classname="testclasses.TC003_Dataprovider" name="loginTest" time="3.653"/>
  <testcase classname="testclasses.TC003_Dataprovider" name="loginTest" time="3.519"/>
</testsuite> <!-- Test -->
