<?xml version="1.0" encoding="UTF-8"?>
<testng-results ignored="0" total="1" passed="1" failed="0" skipped="0">
  <reporter-output>
  </reporter-output>
  <suite started-at="2025-08-15T01:24:35 GMT-07:00" name="Default suite" finished-at="2025-08-15T01:24:59 GMT-07:00" duration-ms="24529">
    <groups>
      <group name="regression">
        <method signature="TC002_Loginverification.loginTest()[pri:0, instance:testclasses.TC002_Loginverification@34b9f960]" name="loginTest" class="testclasses.TC002_Loginverification"/>
      </group> <!-- regression -->
      <group name="master">
        <method signature="TC002_Loginverification.loginTest()[pri:0, instance:testclasses.TC002_Loginverification@34b9f960]" name="loginTest" class="testclasses.TC002_Loginverification"/>
      </group> <!-- master -->
    </groups>
    <test started-at="2025-08-15T01:24:35 GMT-07:00" name="Default test" finished-at="2025-08-15T01:24:59 GMT-07:00" duration-ms="24529">
      <class name="testclasses.TC002_Loginverification">
        <test-method is-config="true" signature="setup(java.lang.String)[pri:0, instance:testclasses.TC002_Loginverification@34b9f960]" started-at="2025-08-15T01:24:35 GMT-07:00" name="setup" finished-at="2025-08-15T01:24:53 GMT-07:00" duration-ms="18092" status="PASS">
          <params>
            <param index="0">
              <value>
                <![CDATA[chrome]]>
              </value>
            </param>
          </params>
          <reporter-output>
          </reporter-output>
        </test-method> <!-- setup -->
        <test-method signature="loginTest()[pri:0, instance:testclasses.TC002_Loginverification@34b9f960]" started-at="2025-08-15T01:24:53 GMT-07:00" name="loginTest" finished-at="2025-08-15T01:24:59 GMT-07:00" duration-ms="5759" status="PASS">
          <reporter-output>
          </reporter-output>
        </test-method> <!-- loginTest -->
        <test-method is-config="true" signature="teardown()[pri:0, instance:testclasses.TC002_Loginverification@34b9f960]" started-at="2025-08-15T01:24:59 GMT-07:00" name="teardown" finished-at="2025-08-15T01:24:59 GMT-07:00" duration-ms="550" status="PASS">
          <reporter-output>
          </reporter-output>
        </test-method> <!-- teardown -->
      </class> <!-- testclasses.TC002_Loginverification -->
    </test> <!-- Default test -->
  </suite> <!-- Default suite -->
</testng-results>
